<?xml version="1.0" encoding="UTF-8"?>
<!-- Generated by org.testng.reporters.JUnitReportReporter -->
<testsuite hostname="LAPTOP-7V5QHGUR" name="elementsavailableinthewebpage_Test.Elementsavailableinthewebpage_Test1" tests="1" failures="0" timestamp="13 May 2021 04:44:42 GMT" time="13.844" errors="0">
  <testcase name="Flipkart" time="13.844" classname="elementsavailableinthewebpage_Test.Elementsavailableinthewebpage_Test1"/>
</testsuite> <!-- elementsavailableinthewebpage_Test.Elementsavailableinthewebpage_Test1 -->
